2022-01-09 19:02:40,308 INFO CheckerRows [main] Драйвер запущен
2022-01-09 19:02:53,316 INFO CheckerRows [main] Открыта главная страница отус
2022-01-09 19:02:54,538 INFO CheckerRows [main] Успешная авторизация
2022-01-09 19:03:00,490 INFO CheckerRows [main] Вход в личный кабинет
2022-01-09 19:03:11,556 INFO CheckerRows [main] Драйвер запущен
2022-01-09 19:03:32,367 INFO CheckerRows [main] Успешная авторизация
2022-01-09 19:03:37,579 INFO CheckerRows [main] Вход в личный кабинет
2022-01-09 19:03:38,468 INFO CheckerRows [main] Все проверки пройдены
2022-01-09 19:03:38,916 INFO CheckerRows [main] Драйвер закрыт
2022-01-09 19:14:09,239 INFO CheckerRows [main] Драйвер запущен
2022-01-09 19:14:13,213 INFO CheckerRows [main] Открыта главная страница отус
2022-01-09 19:14:14,882 INFO CheckerRows [main] Успешная авторизация
2022-01-09 19:14:19,314 INFO CheckerRows [main] Вход в личный кабинет
2022-01-09 19:14:30,146 INFO CheckerRows [main] Драйвер запущен
2022-01-09 19:14:30,146 INFO CheckerRows [main] ----------------------------------------------
2022-01-09 19:14:30,146 INFO CheckerRows [main] Запущена проверка полей
2022-01-09 19:14:35,946 INFO CheckerRows [main] Успешная авторизация
2022-01-09 19:14:41,239 INFO CheckerRows [main] Вход в личный кабинет
2022-01-09 19:14:41,899 INFO CheckerRows [main] Все проверки пройдены
2022-01-09 19:14:42,202 INFO CheckerRows [main] Драйвер закрыт
